<?xml version="1.0" encoding="UTF-8"?>
<testsuite name="cookbook.AppTest" tests="1" skipped="0" failures="0" errors="0" timestamp="2024-06-14T00:00:58" hostname="Ooos-MacBook-Air.local" time="0.031">
  <properties/>
  <testcase name="appHasAGreeting()" classname="cookbook.AppTest" time="0.031"/>
  <system-out><![CDATA[]]></system-out>
  <system-err><![CDATA[]]></system-err>
</testsuite>
