<?xml version="1.0" encoding="UTF-8"?>
<testsuite name="cookbook.AppTest" tests="1" skipped="0" failures="0" errors="0" timestamp="2024-05-18T11:11:54" hostname="bryans-MBP" time="0.018">
  <properties/>
  <testcase name="appHasAGreeting()" classname="cookbook.AppTest" time="0.018"/>
  <system-out><![CDATA[]]></system-out>
  <system-err><![CDATA[]]></system-err>
</testsuite>
