<?xml version="1.0" encoding="UTF-8"?>
<testsuite name="cookbook.AppTest" tests="1" skipped="0" failures="0" errors="0" timestamp="2024-04-03T20:20:03" hostname="bryans-MBP" time="0.023">
  <properties/>
  <testcase name="appHasAGreeting()" classname="cookbook.AppTest" time="0.023"/>
  <system-out><![CDATA[]]></system-out>
  <system-err><![CDATA[]]></system-err>
</testsuite>
